/root/userdir/install/ping_sonar_ros/lib/python3.10/site-packages/ping_sonar_ros/ping1d_node.py
/root/userdir/install/ping_sonar_ros/lib/python3.10/site-packages/ping_sonar_ros/__init__.py
/root/userdir/install/ping_sonar_ros/lib/python3.10/site-packages/ping_sonar_ros/range_pub_component.py
/root/userdir/install/ping_sonar_ros/lib/python3.10/site-packages/ping_sonar_ros/range_pub_node.py
/root/userdir/install/ping_sonar_ros/lib/python3.10/site-packages/ping_sonar_ros/ping1d_component.py
/root/userdir/install/ping_sonar_ros/lib/python3.10/site-packages/ping_sonar_ros/ping-python/brping/pingmessage.py
/root/userdir/install/ping_sonar_ros/lib/python3.10/site-packages/ping_sonar_ros/ping-python/brping/__init__.py
/root/userdir/install/ping_sonar_ros/lib/python3.10/site-packages/ping_sonar_ros/__pycache__/ping1d_node.cpython-310.pyc
/root/userdir/install/ping_sonar_ros/lib/python3.10/site-packages/ping_sonar_ros/__pycache__/__init__.cpython-310.pyc
/root/userdir/install/ping_sonar_ros/lib/python3.10/site-packages/ping_sonar_ros/__pycache__/range_pub_component.cpython-310.pyc
/root/userdir/install/ping_sonar_ros/lib/python3.10/site-packages/ping_sonar_ros/__pycache__/range_pub_node.cpython-310.pyc
/root/userdir/install/ping_sonar_ros/lib/python3.10/site-packages/ping_sonar_ros/__pycache__/ping1d_component.cpython-310.pyc
/root/userdir/install/ping_sonar_ros/lib/python3.10/site-packages/ping_sonar_ros/ping-python/brping/__pycache__/pingmessage.cpython-310.pyc
/root/userdir/install/ping_sonar_ros/lib/python3.10/site-packages/ping_sonar_ros/ping-python/brping/__pycache__/__init__.cpython-310.pyc
/root/userdir/install/ping_sonar_ros/share/ament_index/resource_index/packages/ping_sonar_ros
/root/userdir/install/ping_sonar_ros/share/ping_sonar_ros/package.xml
/root/userdir/install/ping_sonar_ros/share/ping_sonar_ros/launch/ping_sonar.launch.py
/root/userdir/install/ping_sonar_ros/share/ping_sonar_ros/rviz/ping_sonar.rviz
/root/userdir/install/ping_sonar_ros/lib/python3.10/site-packages/ping_sonar_ros-0.0.0-py3.10.egg-info/requires.txt
/root/userdir/install/ping_sonar_ros/lib/python3.10/site-packages/ping_sonar_ros-0.0.0-py3.10.egg-info/dependency_links.txt
/root/userdir/install/ping_sonar_ros/lib/python3.10/site-packages/ping_sonar_ros-0.0.0-py3.10.egg-info/zip-safe
/root/userdir/install/ping_sonar_ros/lib/python3.10/site-packages/ping_sonar_ros-0.0.0-py3.10.egg-info/top_level.txt
/root/userdir/install/ping_sonar_ros/lib/python3.10/site-packages/ping_sonar_ros-0.0.0-py3.10.egg-info/SOURCES.txt
/root/userdir/install/ping_sonar_ros/lib/python3.10/site-packages/ping_sonar_ros-0.0.0-py3.10.egg-info/entry_points.txt
/root/userdir/install/ping_sonar_ros/lib/python3.10/site-packages/ping_sonar_ros-0.0.0-py3.10.egg-info/PKG-INFO
/root/userdir/install/ping_sonar_ros/lib/ping_sonar_ros/ping1d_node
/root/userdir/install/ping_sonar_ros/lib/ping_sonar_ros/range_node
