[0.036s] Invoking command in '/root/userdir/build/lifecycle': CMAKE_PREFIX_PATH=/opt/ros/humble /usr/bin/cmake /root/userdir/src/demos/lifecycle -DCMAKE_INSTALL_PREFIX=/root/userdir/install/lifecycle
[0.156s] -- The C compiler identification is GNU 11.4.0
[0.311s] -- The CXX compiler identification is GNU 11.4.0
[0.328s] -- Detecting C compiler ABI info
[0.483s] -- Detecting C compiler ABI info - done
[0.520s] -- Check for working C compiler: /usr/bin/cc - skipped
[0.520s] -- Detecting C compile features
[0.522s] -- Detecting C compile features - done
[0.535s] -- Detecting CXX compiler ABI info
[0.728s] -- Detecting CXX compiler ABI info - done
[0.765s] -- Check for working CXX compiler: /usr/bin/c++ - skipped
[0.770s] -- Detecting CXX compile features
[0.771s] -- Detecting CXX compile features - done
[0.772s] -- Found ament_cmake: 1.3.10 (/opt/ros/humble/share/ament_cmake/cmake)
[1.037s] -- Found Python3: /usr/bin/python3 (found version "3.10.12") found components: Interpreter 
[1.217s] -- Found rclcpp_lifecycle: 16.0.10 (/opt/ros/humble/share/rclcpp_lifecycle/cmake)
[1.274s] -- Found rosidl_generator_c: 3.1.5 (/opt/ros/humble/share/rosidl_generator_c/cmake)
[1.280s] -- Found rosidl_adapter: 3.1.5 (/opt/ros/humble/share/rosidl_adapter/cmake)
[1.294s] -- Found rosidl_generator_cpp: 3.1.5 (/opt/ros/humble/share/rosidl_generator_cpp/cmake)
[1.307s] -- Using all available rosidl_typesupport_c: rosidl_typesupport_fastrtps_c;rosidl_typesupport_introspection_c
[1.330s] -- Using all available rosidl_typesupport_cpp: rosidl_typesupport_fastrtps_cpp;rosidl_typesupport_introspection_cpp
[1.388s] -- Found rmw_implementation_cmake: 6.1.2 (/opt/ros/humble/share/rmw_implementation_cmake/cmake)
[1.392s] -- Found rmw_fastrtps_cpp: 6.2.7 (/opt/ros/humble/share/rmw_fastrtps_cpp/cmake)
[1.493s] -- Found OpenSSL: /usr/lib/x86_64-linux-gnu/libcrypto.so (found version "3.0.2")  
[1.521s] -- Found FastRTPS: /opt/ros/humble/include  
[1.571s] -- Using RMW implementation 'rmw_fastrtps_cpp' as default
[1.586s] -- Looking for pthread.h
[1.690s] -- Looking for pthread.h - found
[1.690s] -- Performing Test CMAKE_HAVE_LIBC_PTHREAD
[1.782s] -- Performing Test CMAKE_HAVE_LIBC_PTHREAD - Success
[1.784s] -- Found Threads: TRUE  
[1.879s] -- Found ament_lint_auto: 0.12.11 (/opt/ros/humble/share/ament_lint_auto/cmake)
[1.987s] [31mCMake Error at CMakeLists.txt:54 (find_package):
[1.987s]   By not providing "Findros_testing.cmake" in CMAKE_MODULE_PATH this project
[1.987s]   has asked CMake to find a package configuration file provided by
[1.987s]   "ros_testing", but CMake did not find one.
[1.987s] 
[1.988s]   Could not find a package configuration file provided by "ros_testing" with
[1.988s]   any of the following names:
[1.988s] 
[1.988s]     ros_testingConfig.cmake
[1.988s]     ros_testing-config.cmake
[1.988s] 
[1.988s]   Add the installation prefix of "ros_testing" to CMAKE_PREFIX_PATH or set
[1.988s]   "ros_testing_DIR" to a directory containing one of the above files.  If
[1.988s]   "ros_testing" provides a separate development package or SDK, be sure it
[1.989s]   has been installed.
[1.989s] 
[1.989s] [0m
[1.989s] -- Configuring incomplete, errors occurred!
[1.989s] See also "/root/userdir/build/lifecycle/CMakeFiles/CMakeOutput.log".
