[0.319s] DEBUG:colcon:Command line arguments: ['/usr/bin/colcon', 'build']
[0.319s] DEBUG:colcon:Parsed command line arguments: Namespace(log_base=None, log_level=None, verb_name='build', build_base='build', install_base='install', merge_install=False, symlink_install=False, test_result_base=None, continue_on_error=False, executor='parallel', parallel_workers=8, event_handlers=None, ignore_user_meta=False, metas=['./colcon.meta'], base_paths=['.'], packages_ignore=None, packages_ignore_regex=None, paths=None, packages_up_to=None, packages_up_to_regex=None, packages_above=None, packages_above_and_dependencies=None, packages_above_depth=None, packages_select_by_dep=None, packages_skip_by_dep=None, packages_skip_up_to=None, packages_select_build_failed=False, packages_skip_build_finished=False, packages_select_test_failures=False, packages_skip_test_passed=False, packages_select=None, packages_skip=None, packages_select_regex=None, packages_skip_regex=None, packages_start=None, packages_end=None, allow_overriding=[], cmake_args=None, cmake_target=None, cmake_target_skip_unavailable=False, cmake_clean_cache=False, cmake_clean_first=False, cmake_force_configure=False, ament_cmake_args=None, catkin_cmake_args=None, catkin_skip_building_tests=False, verb_parser=<colcon_defaults.argument_parser.defaults.DefaultArgumentsDecorator object at 0x735ac3be45e0>, verb_extension=<colcon_core.verb.build.BuildVerb object at 0x735ac3be4190>, main=<bound method BuildVerb.main of <colcon_core.verb.build.BuildVerb object at 0x735ac3be4190>>)
[0.667s] Level 1:colcon.colcon_core.package_discovery:discover_packages(colcon_meta) check parameters
[0.667s] Level 1:colcon.colcon_core.package_discovery:discover_packages(recursive) check parameters
[0.667s] Level 1:colcon.colcon_core.package_discovery:discover_packages(ignore) check parameters
[0.667s] Level 1:colcon.colcon_core.package_discovery:discover_packages(path) check parameters
[0.667s] Level 1:colcon.colcon_core.package_discovery:discover_packages(colcon_meta) discover
[0.667s] Level 1:colcon.colcon_core.package_discovery:discover_packages(recursive) discover
[0.667s] INFO:colcon.colcon_core.package_discovery:Crawling recursively for packages in '/home/satou5473/rov_docker_system/ros_humble_ws/src'
[0.667s] Level 1:colcon.colcon_core.package_identification:_identify(.) by extensions ['ignore', 'ignore_ament_install']
[0.668s] Level 1:colcon.colcon_core.package_identification:_identify(.) by extension 'ignore'
[0.668s] Level 1:colcon.colcon_core.package_identification:_identify(.) by extension 'ignore_ament_install'
[0.668s] Level 1:colcon.colcon_core.package_identification:_identify(.) by extensions ['colcon_pkg']
[0.668s] Level 1:colcon.colcon_core.package_identification:_identify(.) by extension 'colcon_pkg'
[0.668s] Level 1:colcon.colcon_core.package_identification:_identify(.) by extensions ['colcon_meta']
[0.668s] Level 1:colcon.colcon_core.package_identification:_identify(.) by extension 'colcon_meta'
[0.668s] Level 1:colcon.colcon_core.package_identification:_identify(.) by extensions ['ros']
[0.668s] Level 1:colcon.colcon_core.package_identification:_identify(.) by extension 'ros'
[0.683s] Level 1:colcon.colcon_core.package_identification:_identify(.) by extensions ['cmake', 'python']
[0.684s] Level 1:colcon.colcon_core.package_identification:_identify(.) by extension 'cmake'
[0.684s] Level 1:colcon.colcon_core.package_identification:_identify(.) by extension 'python'
[0.684s] Level 1:colcon.colcon_core.package_identification:_identify(.) by extensions ['python_setup_py']
[0.684s] Level 1:colcon.colcon_core.package_identification:_identify(.) by extension 'python_setup_py'
[0.684s] Level 1:colcon.colcon_core.package_identification:_identify(build) by extensions ['ignore', 'ignore_ament_install']
[0.684s] Level 1:colcon.colcon_core.package_identification:_identify(build) by extension 'ignore'
[0.684s] Level 1:colcon.colcon_core.package_identification:_identify(build) ignored
[0.684s] Level 1:colcon.colcon_core.package_identification:_identify(install) by extensions ['ignore', 'ignore_ament_install']
[0.684s] Level 1:colcon.colcon_core.package_identification:_identify(install) by extension 'ignore'
[0.684s] Level 1:colcon.colcon_core.package_identification:_identify(install) ignored
[0.684s] Level 1:colcon.colcon_core.package_identification:_identify(log) by extensions ['ignore', 'ignore_ament_install']
[0.685s] Level 1:colcon.colcon_core.package_identification:_identify(log) by extension 'ignore'
[0.685s] Level 1:colcon.colcon_core.package_identification:_identify(log) ignored
[0.685s] Level 1:colcon.colcon_core.package_identification:_identify(ping_sonar_ros) by extensions ['ignore', 'ignore_ament_install']
[0.685s] Level 1:colcon.colcon_core.package_identification:_identify(ping_sonar_ros) by extension 'ignore'
[0.685s] Level 1:colcon.colcon_core.package_identification:_identify(ping_sonar_ros) by extension 'ignore_ament_install'
[0.685s] Level 1:colcon.colcon_core.package_identification:_identify(ping_sonar_ros) by extensions ['colcon_pkg']
[0.685s] Level 1:colcon.colcon_core.package_identification:_identify(ping_sonar_ros) by extension 'colcon_pkg'
[0.685s] Level 1:colcon.colcon_core.package_identification:_identify(ping_sonar_ros) by extensions ['colcon_meta']
[0.685s] Level 1:colcon.colcon_core.package_identification:_identify(ping_sonar_ros) by extension 'colcon_meta'
[0.685s] Level 1:colcon.colcon_core.package_identification:_identify(ping_sonar_ros) by extensions ['ros']
[0.685s] Level 1:colcon.colcon_core.package_identification:_identify(ping_sonar_ros) by extension 'ros'
[0.689s] DEBUG:colcon.colcon_core.package_identification:Package 'ping_sonar_ros' with type 'ros.ament_python' and name 'ping_sonar_ros'
[0.689s] Level 1:colcon.colcon_core.package_discovery:discover_packages(recursive) using defaults
[0.689s] Level 1:colcon.colcon_core.package_discovery:discover_packages(ignore) discover
[0.689s] Level 1:colcon.colcon_core.package_discovery:discover_packages(ignore) using defaults
[0.689s] Level 1:colcon.colcon_core.package_discovery:discover_packages(path) discover
[0.689s] Level 1:colcon.colcon_core.package_discovery:discover_packages(path) using defaults
[0.722s] Level 1:colcon.colcon_core.package_discovery:discover_packages(prefix_path) check parameters
[0.722s] Level 1:colcon.colcon_core.package_discovery:discover_packages(prefix_path) discover
[0.727s] DEBUG:colcon.colcon_installed_package_information.package_discovery:Found 332 installed packages in /opt/ros/humble
[0.730s] Level 1:colcon.colcon_core.package_discovery:discover_packages(prefix_path) using defaults
[0.792s] Level 5:colcon.colcon_core.verb:set package 'ping_sonar_ros' build argument 'cmake_args' from command line to 'None'
[0.793s] Level 5:colcon.colcon_core.verb:set package 'ping_sonar_ros' build argument 'cmake_target' from command line to 'None'
[0.793s] Level 5:colcon.colcon_core.verb:set package 'ping_sonar_ros' build argument 'cmake_target_skip_unavailable' from command line to 'False'
[0.793s] Level 5:colcon.colcon_core.verb:set package 'ping_sonar_ros' build argument 'cmake_clean_cache' from command line to 'False'
[0.793s] Level 5:colcon.colcon_core.verb:set package 'ping_sonar_ros' build argument 'cmake_clean_first' from command line to 'False'
[0.793s] Level 5:colcon.colcon_core.verb:set package 'ping_sonar_ros' build argument 'cmake_force_configure' from command line to 'False'
[0.793s] Level 5:colcon.colcon_core.verb:set package 'ping_sonar_ros' build argument 'ament_cmake_args' from command line to 'None'
[0.793s] Level 5:colcon.colcon_core.verb:set package 'ping_sonar_ros' build argument 'catkin_cmake_args' from command line to 'None'
[0.793s] Level 5:colcon.colcon_core.verb:set package 'ping_sonar_ros' build argument 'catkin_skip_building_tests' from command line to 'False'
[0.793s] DEBUG:colcon.colcon_core.verb:Building package 'ping_sonar_ros' with the following arguments: {'ament_cmake_args': None, 'build_base': '/home/satou5473/rov_docker_system/ros_humble_ws/src/build/ping_sonar_ros', 'catkin_cmake_args': None, 'catkin_skip_building_tests': False, 'cmake_args': None, 'cmake_clean_cache': False, 'cmake_clean_first': False, 'cmake_force_configure': False, 'cmake_target': None, 'cmake_target_skip_unavailable': False, 'install_base': '/home/satou5473/rov_docker_system/ros_humble_ws/src/install/ping_sonar_ros', 'merge_install': False, 'path': '/home/satou5473/rov_docker_system/ros_humble_ws/src/ping_sonar_ros', 'symlink_install': False, 'test_result_base': None}
[0.793s] INFO:colcon.colcon_core.executor:Executing jobs using 'parallel' executor
[0.794s] DEBUG:colcon.colcon_parallel_executor.executor.parallel:run_until_complete
[0.794s] INFO:colcon.colcon_ros.task.ament_python.build:Building ROS package in '/home/satou5473/rov_docker_system/ros_humble_ws/src/ping_sonar_ros' with build type 'ament_python'
[0.794s] Level 1:colcon.colcon_core.shell:create_environment_hook('ping_sonar_ros', 'ament_prefix_path')
[0.799s] INFO:colcon.colcon_core.plugin_system:Skipping extension 'colcon_core.shell.bat': Not used on non-Windows systems
[0.799s] INFO:colcon.colcon_core.shell:Creating environment hook '/home/satou5473/rov_docker_system/ros_humble_ws/src/install/ping_sonar_ros/share/ping_sonar_ros/hook/ament_prefix_path.ps1'
[0.800s] INFO:colcon.colcon_core.shell:Creating environment descriptor '/home/satou5473/rov_docker_system/ros_humble_ws/src/install/ping_sonar_ros/share/ping_sonar_ros/hook/ament_prefix_path.dsv'
[0.801s] INFO:colcon.colcon_core.shell:Creating environment hook '/home/satou5473/rov_docker_system/ros_humble_ws/src/install/ping_sonar_ros/share/ping_sonar_ros/hook/ament_prefix_path.sh'
[0.802s] INFO:colcon.colcon_core.shell:Skip shell extension 'powershell' for command environment: Not usable outside of PowerShell
[0.802s] DEBUG:colcon.colcon_core.shell:Skip shell extension 'dsv' for command environment
[1.151s] INFO:colcon.colcon_core.task.python.build:Building Python package in '/home/satou5473/rov_docker_system/ros_humble_ws/src/ping_sonar_ros'
[1.151s] INFO:colcon.colcon_core.shell:Skip shell extension 'powershell' for command environment: Not usable outside of PowerShell
[1.151s] DEBUG:colcon.colcon_core.shell:Skip shell extension 'dsv' for command environment
[1.692s] DEBUG:colcon.colcon_core.event_handler.log_command:Invoking command in '/home/satou5473/rov_docker_system/ros_humble_ws/src/ping_sonar_ros': PYTHONPATH=/home/satou5473/rov_docker_system/ros_humble_ws/src/build/ping_sonar_ros/prefix_override:/usr/lib/python3/dist-packages/colcon_core/task/python/colcon_distutils_commands:/home/satou5473/rov_docker_system/ros_humble_ws/src/install/ping_sonar_ros/lib/python3.10/site-packages:${PYTHONPATH} /usr/bin/python3 -W ignore:setup.py install is deprecated setup.py egg_info --egg-base ../build/ping_sonar_ros build --build-base /home/satou5473/rov_docker_system/ros_humble_ws/src/build/ping_sonar_ros/build install --record /home/satou5473/rov_docker_system/ros_humble_ws/src/build/ping_sonar_ros/install.log --single-version-externally-managed install_data
[1.985s] DEBUG:colcon.colcon_core.event_handler.log_command:Invoked command in '/home/satou5473/rov_docker_system/ros_humble_ws/src/ping_sonar_ros' returned '1': PYTHONPATH=/home/satou5473/rov_docker_system/ros_humble_ws/src/build/ping_sonar_ros/prefix_override:/usr/lib/python3/dist-packages/colcon_core/task/python/colcon_distutils_commands:/home/satou5473/rov_docker_system/ros_humble_ws/src/install/ping_sonar_ros/lib/python3.10/site-packages:${PYTHONPATH} /usr/bin/python3 -W ignore:setup.py install is deprecated setup.py egg_info --egg-base ../build/ping_sonar_ros build --build-base /home/satou5473/rov_docker_system/ros_humble_ws/src/build/ping_sonar_ros/build install --record /home/satou5473/rov_docker_system/ros_humble_ws/src/build/ping_sonar_ros/install.log --single-version-externally-managed install_data
[1.995s] DEBUG:colcon.colcon_parallel_executor.executor.parallel:closing loop
[1.995s] DEBUG:colcon.colcon_parallel_executor.executor.parallel:loop closed
[1.995s] DEBUG:colcon.colcon_parallel_executor.executor.parallel:run_until_complete finished with '1'
[1.995s] DEBUG:colcon.colcon_core.event_reactor:joining thread
[2.006s] INFO:colcon.colcon_core.plugin_system:Skipping extension 'colcon_notification.desktop_notification.terminal_notifier': Not used on non-Darwin systems
[2.006s] INFO:colcon.colcon_core.plugin_system:Skipping extension 'colcon_notification.desktop_notification.win32': Not used on non-Windows systems
[2.006s] INFO:colcon.colcon_notification.desktop_notification:Sending desktop notification using 'notify2'
[2.022s] DEBUG:colcon.colcon_core.event_reactor:joined thread
[2.023s] INFO:colcon.colcon_core.shell:Creating prefix script '/home/satou5473/rov_docker_system/ros_humble_ws/src/install/local_setup.ps1'
[2.024s] INFO:colcon.colcon_core.shell:Creating prefix util module '/home/satou5473/rov_docker_system/ros_humble_ws/src/install/_local_setup_util_ps1.py'
[2.026s] INFO:colcon.colcon_core.shell:Creating prefix chain script '/home/satou5473/rov_docker_system/ros_humble_ws/src/install/setup.ps1'
[2.027s] INFO:colcon.colcon_core.shell:Creating prefix script '/home/satou5473/rov_docker_system/ros_humble_ws/src/install/local_setup.sh'
[2.028s] INFO:colcon.colcon_core.shell:Creating prefix util module '/home/satou5473/rov_docker_system/ros_humble_ws/src/install/_local_setup_util_sh.py'
[2.029s] INFO:colcon.colcon_core.shell:Creating prefix chain script '/home/satou5473/rov_docker_system/ros_humble_ws/src/install/setup.sh'
[2.030s] INFO:colcon.colcon_core.shell:Creating prefix script '/home/satou5473/rov_docker_system/ros_humble_ws/src/install/local_setup.bash'
[2.032s] INFO:colcon.colcon_core.shell:Creating prefix chain script '/home/satou5473/rov_docker_system/ros_humble_ws/src/install/setup.bash'
[2.033s] INFO:colcon.colcon_core.shell:Creating prefix script '/home/satou5473/rov_docker_system/ros_humble_ws/src/install/local_setup.zsh'
[2.033s] INFO:colcon.colcon_core.shell:Creating prefix chain script '/home/satou5473/rov_docker_system/ros_humble_ws/src/install/setup.zsh'
