running egg_info
writing ../../build/ping_sonar_ros/ping_sonar_ros.egg-info/PKG-INFO
writing dependency_links to ../../build/ping_sonar_ros/ping_sonar_ros.egg-info/dependency_links.txt
writing entry points to ../../build/ping_sonar_ros/ping_sonar_ros.egg-info/entry_points.txt
writing requirements to ../../build/ping_sonar_ros/ping_sonar_ros.egg-info/requires.txt
writing top-level names to ../../build/ping_sonar_ros/ping_sonar_ros.egg-info/top_level.txt
reading manifest file '../../build/ping_sonar_ros/ping_sonar_ros.egg-info/SOURCES.txt'
adding license file 'LICENSE'
writing manifest file '../../build/ping_sonar_ros/ping_sonar_ros.egg-info/SOURCES.txt'
running build
running build_py
creating /root/userdir/build/ping_sonar_ros/build
creating /root/userdir/build/ping_sonar_ros/build/lib
creating /root/userdir/build/ping_sonar_ros/build/lib/ping_sonar_ros
copying ping_sonar_ros/ping1d_node.py -> /root/userdir/build/ping_sonar_ros/build/lib/ping_sonar_ros
copying ping_sonar_ros/__init__.py -> /root/userdir/build/ping_sonar_ros/build/lib/ping_sonar_ros
copying ping_sonar_ros/range_pub_component.py -> /root/userdir/build/ping_sonar_ros/build/lib/ping_sonar_ros
copying ping_sonar_ros/range_pub_node.py -> /root/userdir/build/ping_sonar_ros/build/lib/ping_sonar_ros
copying ping_sonar_ros/ping1d_component.py -> /root/userdir/build/ping_sonar_ros/build/lib/ping_sonar_ros
creating /root/userdir/build/ping_sonar_ros/build/lib/ping_sonar_ros/ping-python
creating /root/userdir/build/ping_sonar_ros/build/lib/ping_sonar_ros/ping-python/brping
copying ping_sonar_ros/ping-python/brping/pingmessage.py -> /root/userdir/build/ping_sonar_ros/build/lib/ping_sonar_ros/ping-python/brping
copying ping_sonar_ros/ping-python/brping/__init__.py -> /root/userdir/build/ping_sonar_ros/build/lib/ping_sonar_ros/ping-python/brping
running install
running install_lib
creating /root/userdir/install/ping_sonar_ros/lib/python3.10/site-packages/ping_sonar_ros
copying /root/userdir/build/ping_sonar_ros/build/lib/ping_sonar_ros/ping1d_node.py -> /root/userdir/install/ping_sonar_ros/lib/python3.10/site-packages/ping_sonar_ros
creating /root/userdir/install/ping_sonar_ros/lib/python3.10/site-packages/ping_sonar_ros/ping-python
creating /root/userdir/install/ping_sonar_ros/lib/python3.10/site-packages/ping_sonar_ros/ping-python/brping
copying /root/userdir/build/ping_sonar_ros/build/lib/ping_sonar_ros/ping-python/brping/pingmessage.py -> /root/userdir/install/ping_sonar_ros/lib/python3.10/site-packages/ping_sonar_ros/ping-python/brping
copying /root/userdir/build/ping_sonar_ros/build/lib/ping_sonar_ros/ping-python/brping/__init__.py -> /root/userdir/install/ping_sonar_ros/lib/python3.10/site-packages/ping_sonar_ros/ping-python/brping
copying /root/userdir/build/ping_sonar_ros/build/lib/ping_sonar_ros/__init__.py -> /root/userdir/install/ping_sonar_ros/lib/python3.10/site-packages/ping_sonar_ros
copying /root/userdir/build/ping_sonar_ros/build/lib/ping_sonar_ros/range_pub_component.py -> /root/userdir/install/ping_sonar_ros/lib/python3.10/site-packages/ping_sonar_ros
copying /root/userdir/build/ping_sonar_ros/build/lib/ping_sonar_ros/range_pub_node.py -> /root/userdir/install/ping_sonar_ros/lib/python3.10/site-packages/ping_sonar_ros
copying /root/userdir/build/ping_sonar_ros/build/lib/ping_sonar_ros/ping1d_component.py -> /root/userdir/install/ping_sonar_ros/lib/python3.10/site-packages/ping_sonar_ros
byte-compiling /root/userdir/install/ping_sonar_ros/lib/python3.10/site-packages/ping_sonar_ros/ping1d_node.py to ping1d_node.cpython-310.pyc
byte-compiling /root/userdir/install/ping_sonar_ros/lib/python3.10/site-packages/ping_sonar_ros/ping-python/brping/pingmessage.py to pingmessage.cpython-310.pyc
byte-compiling /root/userdir/install/ping_sonar_ros/lib/python3.10/site-packages/ping_sonar_ros/ping-python/brping/__init__.py to __init__.cpython-310.pyc
byte-compiling /root/userdir/install/ping_sonar_ros/lib/python3.10/site-packages/ping_sonar_ros/__init__.py to __init__.cpython-310.pyc
byte-compiling /root/userdir/install/ping_sonar_ros/lib/python3.10/site-packages/ping_sonar_ros/range_pub_component.py to range_pub_component.cpython-310.pyc
byte-compiling /root/userdir/install/ping_sonar_ros/lib/python3.10/site-packages/ping_sonar_ros/range_pub_node.py to range_pub_node.cpython-310.pyc
byte-compiling /root/userdir/install/ping_sonar_ros/lib/python3.10/site-packages/ping_sonar_ros/ping1d_component.py to ping1d_component.cpython-310.pyc
running install_data
creating /root/userdir/install/ping_sonar_ros/share/ament_index
creating /root/userdir/install/ping_sonar_ros/share/ament_index/resource_index
creating /root/userdir/install/ping_sonar_ros/share/ament_index/resource_index/packages
copying resource/ping_sonar_ros -> /root/userdir/install/ping_sonar_ros/share/ament_index/resource_index/packages
copying package.xml -> /root/userdir/install/ping_sonar_ros/share/ping_sonar_ros
creating /root/userdir/install/ping_sonar_ros/share/ping_sonar_ros/launch
copying launch/ping_sonar.launch.py -> /root/userdir/install/ping_sonar_ros/share/ping_sonar_ros/launch/
creating /root/userdir/install/ping_sonar_ros/share/ping_sonar_ros/rviz
copying rviz/ping_sonar.rviz -> /root/userdir/install/ping_sonar_ros/share/ping_sonar_ros/rviz/
running install_egg_info
Copying ../../build/ping_sonar_ros/ping_sonar_ros.egg-info to /root/userdir/install/ping_sonar_ros/lib/python3.10/site-packages/ping_sonar_ros-0.0.0-py3.10.egg-info
running install_scripts
Installing ping1d_node script to /root/userdir/install/ping_sonar_ros/lib/ping_sonar_ros
Installing range_node script to /root/userdir/install/ping_sonar_ros/lib/ping_sonar_ros
writing list of installed files to '/root/userdir/build/ping_sonar_ros/install.log'
