[0.602s] Invoking command in '/root/userdir/src/ping_sonar_ros': PYTHONPATH=/root/userdir/build/ping_sonar_ros/prefix_override:/usr/lib/python3/dist-packages/colcon_core/task/python/colcon_distutils_commands:/root/userdir/install/ping_sonar_ros/lib/python3.10/site-packages:${PYTHONPATH} /usr/bin/python3 -W ignore:setup.py install is deprecated setup.py egg_info --egg-base ../../build/ping_sonar_ros build --build-base /root/userdir/build/ping_sonar_ros/build install --record /root/userdir/build/ping_sonar_ros/install.log --single-version-externally-managed install_data
[0.813s] running egg_info
[0.813s] writing ../../build/ping_sonar_ros/ping_sonar_ros.egg-info/PKG-INFO
[0.814s] writing dependency_links to ../../build/ping_sonar_ros/ping_sonar_ros.egg-info/dependency_links.txt
[0.814s] writing entry points to ../../build/ping_sonar_ros/ping_sonar_ros.egg-info/entry_points.txt
[0.814s] writing requirements to ../../build/ping_sonar_ros/ping_sonar_ros.egg-info/requires.txt
[0.814s] writing top-level names to ../../build/ping_sonar_ros/ping_sonar_ros.egg-info/top_level.txt
[0.816s] reading manifest file '../../build/ping_sonar_ros/ping_sonar_ros.egg-info/SOURCES.txt'
[0.816s] adding license file 'LICENSE'
[0.817s] writing manifest file '../../build/ping_sonar_ros/ping_sonar_ros.egg-info/SOURCES.txt'
[0.817s] running build
[0.817s] running build_py
[0.817s] creating /root/userdir/build/ping_sonar_ros/build
[0.817s] creating /root/userdir/build/ping_sonar_ros/build/lib
[0.817s] creating /root/userdir/build/ping_sonar_ros/build/lib/ping_sonar_ros
[0.817s] copying ping_sonar_ros/ping1d_node.py -> /root/userdir/build/ping_sonar_ros/build/lib/ping_sonar_ros
[0.817s] copying ping_sonar_ros/__init__.py -> /root/userdir/build/ping_sonar_ros/build/lib/ping_sonar_ros
[0.817s] copying ping_sonar_ros/range_pub_component.py -> /root/userdir/build/ping_sonar_ros/build/lib/ping_sonar_ros
[0.818s] copying ping_sonar_ros/range_pub_node.py -> /root/userdir/build/ping_sonar_ros/build/lib/ping_sonar_ros
[0.818s] copying ping_sonar_ros/ping1d_component.py -> /root/userdir/build/ping_sonar_ros/build/lib/ping_sonar_ros
[0.818s] creating /root/userdir/build/ping_sonar_ros/build/lib/ping_sonar_ros/ping-python
[0.818s] creating /root/userdir/build/ping_sonar_ros/build/lib/ping_sonar_ros/ping-python/brping
[0.818s] copying ping_sonar_ros/ping-python/brping/pingmessage.py -> /root/userdir/build/ping_sonar_ros/build/lib/ping_sonar_ros/ping-python/brping
[0.818s] copying ping_sonar_ros/ping-python/brping/__init__.py -> /root/userdir/build/ping_sonar_ros/build/lib/ping_sonar_ros/ping-python/brping
[0.818s] running install
[0.819s] running install_lib
[0.819s] creating /root/userdir/install/ping_sonar_ros/lib/python3.10/site-packages/ping_sonar_ros
[0.819s] copying /root/userdir/build/ping_sonar_ros/build/lib/ping_sonar_ros/ping1d_node.py -> /root/userdir/install/ping_sonar_ros/lib/python3.10/site-packages/ping_sonar_ros
[0.820s] creating /root/userdir/install/ping_sonar_ros/lib/python3.10/site-packages/ping_sonar_ros/ping-python
[0.820s] creating /root/userdir/install/ping_sonar_ros/lib/python3.10/site-packages/ping_sonar_ros/ping-python/brping
[0.820s] copying /root/userdir/build/ping_sonar_ros/build/lib/ping_sonar_ros/ping-python/brping/pingmessage.py -> /root/userdir/install/ping_sonar_ros/lib/python3.10/site-packages/ping_sonar_ros/ping-python/brping
[0.820s] copying /root/userdir/build/ping_sonar_ros/build/lib/ping_sonar_ros/ping-python/brping/__init__.py -> /root/userdir/install/ping_sonar_ros/lib/python3.10/site-packages/ping_sonar_ros/ping-python/brping
[0.820s] copying /root/userdir/build/ping_sonar_ros/build/lib/ping_sonar_ros/__init__.py -> /root/userdir/install/ping_sonar_ros/lib/python3.10/site-packages/ping_sonar_ros
[0.820s] copying /root/userdir/build/ping_sonar_ros/build/lib/ping_sonar_ros/range_pub_component.py -> /root/userdir/install/ping_sonar_ros/lib/python3.10/site-packages/ping_sonar_ros
[0.820s] copying /root/userdir/build/ping_sonar_ros/build/lib/ping_sonar_ros/range_pub_node.py -> /root/userdir/install/ping_sonar_ros/lib/python3.10/site-packages/ping_sonar_ros
[0.820s] copying /root/userdir/build/ping_sonar_ros/build/lib/ping_sonar_ros/ping1d_component.py -> /root/userdir/install/ping_sonar_ros/lib/python3.10/site-packages/ping_sonar_ros
[0.821s] byte-compiling /root/userdir/install/ping_sonar_ros/lib/python3.10/site-packages/ping_sonar_ros/ping1d_node.py to ping1d_node.cpython-310.pyc
[0.821s] byte-compiling /root/userdir/install/ping_sonar_ros/lib/python3.10/site-packages/ping_sonar_ros/ping-python/brping/pingmessage.py to pingmessage.cpython-310.pyc
[0.824s] byte-compiling /root/userdir/install/ping_sonar_ros/lib/python3.10/site-packages/ping_sonar_ros/ping-python/brping/__init__.py to __init__.cpython-310.pyc
[0.824s] byte-compiling /root/userdir/install/ping_sonar_ros/lib/python3.10/site-packages/ping_sonar_ros/__init__.py to __init__.cpython-310.pyc
[0.824s] byte-compiling /root/userdir/install/ping_sonar_ros/lib/python3.10/site-packages/ping_sonar_ros/range_pub_component.py to range_pub_component.cpython-310.pyc
[0.825s] byte-compiling /root/userdir/install/ping_sonar_ros/lib/python3.10/site-packages/ping_sonar_ros/range_pub_node.py to range_pub_node.cpython-310.pyc
[0.825s] byte-compiling /root/userdir/install/ping_sonar_ros/lib/python3.10/site-packages/ping_sonar_ros/ping1d_component.py to ping1d_component.cpython-310.pyc
[0.826s] running install_data
[0.826s] creating /root/userdir/install/ping_sonar_ros/share/ament_index
[0.826s] creating /root/userdir/install/ping_sonar_ros/share/ament_index/resource_index
[0.826s] creating /root/userdir/install/ping_sonar_ros/share/ament_index/resource_index/packages
[0.826s] copying resource/ping_sonar_ros -> /root/userdir/install/ping_sonar_ros/share/ament_index/resource_index/packages
[0.826s] copying package.xml -> /root/userdir/install/ping_sonar_ros/share/ping_sonar_ros
[0.826s] creating /root/userdir/install/ping_sonar_ros/share/ping_sonar_ros/launch
[0.826s] copying launch/ping_sonar.launch.py -> /root/userdir/install/ping_sonar_ros/share/ping_sonar_ros/launch/
[0.827s] creating /root/userdir/install/ping_sonar_ros/share/ping_sonar_ros/rviz
[0.827s] copying rviz/ping_sonar.rviz -> /root/userdir/install/ping_sonar_ros/share/ping_sonar_ros/rviz/
[0.827s] running install_egg_info
[0.829s] Copying ../../build/ping_sonar_ros/ping_sonar_ros.egg-info to /root/userdir/install/ping_sonar_ros/lib/python3.10/site-packages/ping_sonar_ros-0.0.0-py3.10.egg-info
[0.830s] running install_scripts
[0.853s] Installing ping1d_node script to /root/userdir/install/ping_sonar_ros/lib/ping_sonar_ros
[0.853s] Installing range_node script to /root/userdir/install/ping_sonar_ros/lib/ping_sonar_ros
[0.854s] writing list of installed files to '/root/userdir/build/ping_sonar_ros/install.log'
[0.883s] Invoked command in '/root/userdir/src/ping_sonar_ros' returned '0': PYTHONPATH=/root/userdir/build/ping_sonar_ros/prefix_override:/usr/lib/python3/dist-packages/colcon_core/task/python/colcon_distutils_commands:/root/userdir/install/ping_sonar_ros/lib/python3.10/site-packages:${PYTHONPATH} /usr/bin/python3 -W ignore:setup.py install is deprecated setup.py egg_info --egg-base ../../build/ping_sonar_ros build --build-base /root/userdir/build/ping_sonar_ros/build install --record /root/userdir/build/ping_sonar_ros/install.log --single-version-externally-managed install_data
