[0.032s] Invoking command in '/root/userdir/build/turtlesim': /usr/bin/cmake /root/userdir/src/ros_tutorials/turtlesim -DCATKIN_INSTALL_INTO_PREFIX_ROOT=0 -DCMAKE_INSTALL_PREFIX=/root/userdir/install/turtlesim
[0.164s] -- The C compiler identification is GNU 11.4.0
[0.310s] -- The CXX compiler identification is GNU 11.4.0
[0.330s] -- Detecting C compiler ABI info
[0.489s] -- Detecting C compiler ABI info - done
[0.514s] -- Check for working C compiler: /usr/bin/cc - skipped
[0.515s] -- Detecting C compile features
[0.518s] -- Detecting C compile features - done
[0.527s] -- Detecting CXX compiler ABI info
[0.700s] -- Detecting CXX compiler ABI info - done
[0.731s] -- Check for working CXX compiler: /usr/bin/c++ - skipped
[0.737s] -- Detecting CXX compile features
[0.737s] -- Detecting CXX compile features - done
[0.749s] [31mCMake Error at CMakeLists.txt:4 (find_package):
[0.749s]   By not providing "Findcatkin.cmake" in CMAKE_MODULE_PATH this project has
[0.749s]   asked CMake to find a package configuration file provided by "catkin", but
[0.749s]   CMake did not find one.
[0.749s] 
[0.749s]   Could not find a package configuration file provided by "catkin" with any
[0.749s]   of the following names:
[0.750s] 
[0.750s]     catkinConfig.cmake
[0.750s]     catkin-config.cmake
[0.750s] 
[0.750s]   Add the installation prefix of "catkin" to CMAKE_PREFIX_PATH or set
[0.750s]   "catkin_DIR" to a directory containing one of the above files.  If "catkin"
[0.750s]   provides a separate development package or SDK, be sure it has been
[0.750s]   installed.
[0.751s] 
[0.751s] [0m
[0.751s] -- Configuring incomplete, errors occurred!
[0.751s] See also "/root/userdir/build/turtlesim/CMakeFiles/CMakeOutput.log".
[0.763s] Invoked command in '/root/userdir/build/turtlesim' returned '1': /usr/bin/cmake /root/userdir/src/ros_tutorials/turtlesim -DCATKIN_INSTALL_INTO_PREFIX_ROOT=0 -DCMAKE_INSTALL_PREFIX=/root/userdir/install/turtlesim
