[0.035s] Invoking command in '/root/userdir/build/dummy_map_server': CMAKE_PREFIX_PATH=/opt/ros/humble /usr/bin/cmake /root/userdir/src/demos/dummy_robot/dummy_map_server -DCMAKE_INSTALL_PREFIX=/root/userdir/install/dummy_map_server
[0.155s] -- The C compiler identification is GNU 11.4.0
[0.290s] -- The CXX compiler identification is GNU 11.4.0
[0.317s] -- Detecting C compiler ABI info
[0.474s] -- Detecting C compiler ABI info - done
[0.497s] -- Check for working C compiler: /usr/bin/cc - skipped
[0.498s] -- Detecting C compile features
[0.500s] -- Detecting C compile features - done
[0.507s] -- Detecting CXX compiler ABI info
[0.694s] -- Detecting CXX compiler ABI info - done
[0.715s] -- Check for working CXX compiler: /usr/bin/c++ - skipped
[0.716s] -- Detecting CXX compile features
[0.719s] -- Detecting CXX compile features - done
[0.723s] -- Found ament_cmake: 1.3.10 (/opt/ros/humble/share/ament_cmake/cmake)
[0.989s] -- Found Python3: /usr/bin/python3 (found version "3.10.12") found components: Interpreter 
[1.155s] -- Found nav_msgs: 4.2.4 (/opt/ros/humble/share/nav_msgs/cmake)
[1.218s] -- Found rosidl_generator_c: 3.1.5 (/opt/ros/humble/share/rosidl_generator_c/cmake)
[1.228s] -- Found rosidl_adapter: 3.1.5 (/opt/ros/humble/share/rosidl_adapter/cmake)
[1.244s] -- Found rosidl_generator_cpp: 3.1.5 (/opt/ros/humble/share/rosidl_generator_cpp/cmake)
[1.261s] -- Using all available rosidl_typesupport_c: rosidl_typesupport_fastrtps_c;rosidl_typesupport_introspection_c
[1.281s] -- Using all available rosidl_typesupport_cpp: rosidl_typesupport_fastrtps_cpp;rosidl_typesupport_introspection_cpp
[1.359s] -- Found rclcpp: 16.0.10 (/opt/ros/humble/share/rclcpp/cmake)
[1.406s] -- Found rmw_implementation_cmake: 6.1.2 (/opt/ros/humble/share/rmw_implementation_cmake/cmake)
[1.410s] -- Found rmw_fastrtps_cpp: 6.2.7 (/opt/ros/humble/share/rmw_fastrtps_cpp/cmake)
[1.514s] -- Found OpenSSL: /usr/lib/x86_64-linux-gnu/libcrypto.so (found version "3.0.2")  
[1.543s] -- Found FastRTPS: /opt/ros/humble/include  
[1.593s] -- Using RMW implementation 'rmw_fastrtps_cpp' as default
[1.607s] -- Looking for pthread.h
[1.703s] -- Looking for pthread.h - found
[1.704s] -- Performing Test CMAKE_HAVE_LIBC_PTHREAD
[1.801s] -- Performing Test CMAKE_HAVE_LIBC_PTHREAD - Success
[1.803s] -- Found Threads: TRUE  
[1.860s] -- Found ament_lint_auto: 0.12.11 (/opt/ros/humble/share/ament_lint_auto/cmake)
[1.969s] -- Added test 'copyright' to check source files copyright and LICENSE
[1.971s] -- Added test 'cppcheck' to perform static code analysis on C / C++ code
[1.971s] -- Configured cppcheck include dirs: 
[1.971s] -- Configured cppcheck exclude dirs and/or files: 
[1.972s] -- Added test 'cpplint' to check C / C++ code against the Google style
[1.972s] -- Configured cpplint exclude dirs and/or files: 
[1.973s] -- Added test 'lint_cmake' to check CMake code style
[1.975s] -- Added test 'uncrustify' to check C / C++ code style
[1.975s] -- Configured uncrustify additional arguments: 
[1.976s] -- Added test 'xmllint' to check XML markup files
[1.977s] -- Configuring done
[2.000s] -- Generating done
[2.004s] -- Build files have been written to: /root/userdir/build/dummy_map_server
