[0.039s] Invoking command in '/root/userdir/build/roscpp_tutorials': /usr/bin/cmake /root/userdir/src/ros_tutorials/roscpp_tutorials -DCATKIN_INSTALL_INTO_PREFIX_ROOT=0 -DCMAKE_INSTALL_PREFIX=/root/userdir/install/roscpp_tutorials
[0.165s] -- The C compiler identification is GNU 11.4.0
[0.316s] -- The CXX compiler identification is GNU 11.4.0
[0.333s] -- Detecting C compiler ABI info
[0.492s] -- Detecting C compiler ABI info - done
[0.515s] -- Check for working C compiler: /usr/bin/cc - skipped
[0.516s] -- Detecting C compile features
[0.516s] -- Detecting C compile features - done
[0.525s] -- Detecting CXX compiler ABI info
[0.689s] -- Detecting CXX compiler ABI info - done
[0.732s] -- Check for working CXX compiler: /usr/bin/c++ - skipped
[0.732s] -- Detecting CXX compile features
[0.733s] -- Detecting CXX compile features - done
[0.840s] -- Looking for pthread.h
[0.999s] -- Looking for pthread.h - found
[0.999s] -- Performing Test CMAKE_HAVE_LIBC_PTHREAD
[1.178s] -- Performing Test CMAKE_HAVE_LIBC_PTHREAD - Success
[1.183s] -- Found Threads: TRUE  
[1.205s] -- Configuring incomplete, errors occurred!
[1.205s] See also "/root/userdir/build/roscpp_tutorials/CMakeFiles/CMakeOutput.log".
[1.205s] [31mCMake Error at /usr/share/cmake-3.22/Modules/FindPackageHandleStandardArgs.cmake:230 (message):
[1.205s]   Could NOT find Boost (missing: Boost_INCLUDE_DIR date_time thread)
[1.205s] Call Stack (most recent call first):
[1.205s]   /usr/share/cmake-3.22/Modules/FindPackageHandleStandardArgs.cmake:594 (_FPHSA_FAILURE_MESSAGE)
[1.206s]   /usr/share/cmake-3.22/Modules/FindBoost.cmake:2360 (find_package_handle_standard_args)
[1.206s]   CMakeLists.txt:4 (find_package)
[1.206s] 
[1.206s] [0m
