[0.035s] Invoking command in '/root/userdir/build/pendulum_msgs': CMAKE_PREFIX_PATH=/opt/ros/humble /usr/bin/cmake /root/userdir/src/demos/pendulum_msgs -DCMAKE_INSTALL_PREFIX=/root/userdir/install/pendulum_msgs
[0.151s] -- The C compiler identification is GNU 11.4.0
[0.307s] -- The CXX compiler identification is GNU 11.4.0
[0.341s] -- Detecting C compiler ABI info
[0.498s] -- Detecting C compiler ABI info - done
[0.522s] -- Check for working C compiler: /usr/bin/cc - skipped
[0.522s] -- Detecting C compile features
[0.522s] -- Detecting C compile features - done
[0.526s] -- Detecting CXX compiler ABI info
[0.717s] -- Detecting CXX compiler ABI info - done
[0.738s] -- Check for working CXX compiler: /usr/bin/c++ - skipped
[0.739s] -- Detecting CXX compile features
[0.740s] -- Detecting CXX compile features - done
[0.746s] -- Found ament_cmake: 1.3.10 (/opt/ros/humble/share/ament_cmake/cmake)
[1.013s] -- Found Python3: /usr/bin/python3 (found version "3.10.12") found components: Interpreter 
[1.191s] -- Found builtin_interfaces: 1.2.1 (/opt/ros/humble/share/builtin_interfaces/cmake)
[1.244s] -- Found rosidl_generator_c: 3.1.5 (/opt/ros/humble/share/rosidl_generator_c/cmake)
[1.250s] -- Found rosidl_adapter: 3.1.5 (/opt/ros/humble/share/rosidl_adapter/cmake)
[1.267s] -- Found rosidl_generator_cpp: 3.1.5 (/opt/ros/humble/share/rosidl_generator_cpp/cmake)
[1.285s] -- Using all available rosidl_typesupport_c: rosidl_typesupport_fastrtps_c;rosidl_typesupport_introspection_c
[1.315s] -- Using all available rosidl_typesupport_cpp: rosidl_typesupport_fastrtps_cpp;rosidl_typesupport_introspection_cpp
[1.343s] -- Found rosidl_default_generators: 1.2.0 (/opt/ros/humble/share/rosidl_default_generators/cmake)
[1.714s] -- Found ament_cmake_ros: 0.10.0 (/opt/ros/humble/share/ament_cmake_ros/cmake)
[2.067s] -- Using all available rosidl_typesupport_c: rosidl_typesupport_fastrtps_c;rosidl_typesupport_introspection_c
[2.194s] -- Using all available rosidl_typesupport_cpp: rosidl_typesupport_fastrtps_cpp;rosidl_typesupport_introspection_cpp
[2.216s] -- Found PythonInterp: /usr/bin/python3 (found suitable version "3.10.12", minimum required is "3.6") 
[2.218s] -- Found python_cmake_module: 0.10.0 (/opt/ros/humble/share/python_cmake_module/cmake)
[2.241s] -- Found PythonLibs: /usr/lib/x86_64-linux-gnu/libpython3.10.so (found suitable version "3.10.12", minimum required is "3.5") 
[2.241s] -- Using PYTHON_EXECUTABLE: /usr/bin/python3
[2.241s] -- Using PYTHON_INCLUDE_DIRS: /usr/include/python3.10
[2.241s] -- Using PYTHON_LIBRARIES: /usr/lib/x86_64-linux-gnu/libpython3.10.so
[2.258s] -- Found PythonExtra: .so  
[2.295s] -- Configuring done
[2.334s] -- Generating done
[2.337s] -- Build files have been written to: /root/userdir/build/pendulum_msgs
